<?xml version="1.0" encoding="UTF-8"?>
<testsuite xmlns:xsi="http://www.w3.org/2001/XMLSchema-instance" xsi:noNamespaceSchemaLocation="https://maven.apache.org/surefire/maven-surefire-plugin/xsd/surefire-test-report.xsd" name="org.geoserver.network_course.wps.NetworkCourseTest" time="2.296" tests="1" errors="0" skipped="0" failures="0">
  <properties>
    <property name="sun.desktop" value="gnome"/>
    <property name="awt.toolkit" value="sun.awt.X11.XToolkit"/>
    <property name="java.specification.version" value="11"/>
    <property name="sun.cpu.isalist" value=""/>
    <property name="sun.jnu.encoding" value="UTF-8"/>
    <property name="java.class.path" value="/home/dani/Desktop/geoserver/geoserver-wps-network-course/target/test-classes:/home/dani/Desktop/geoserver/geoserver-wps-network-course/target/classes:/home/dani/.m2/repository/org/geotools/gt-process/26.3/gt-process-26.3.jar:/home/dani/.m2/repository/org/jaitools/jt-utils/1.6.0/jt-utils-1.6.0.jar:/home/dani/.m2/repository/org/locationtech/jts/jts-core/1.17.0/jts-core-1.17.0.jar:/home/dani/.m2/repository/org/geotools/gt-main/26.3/gt-main-26.3.jar:/home/dani/.m2/repository/org/geotools/gt-referencing/26.3/gt-referencing-26.3.jar:/home/dani/.m2/repository/org/ejml/ejml-ddense/0.34/ejml-ddense-0.34.jar:/home/dani/.m2/repository/org/ejml/ejml-core/0.34/ejml-core-0.34.jar:/home/dani/.m2/repository/it/geosolutions/jgridshift/jgridshift-core/1.3/jgridshift-core-1.3.jar:/home/dani/.m2/repository/net/sf/geographiclib/GeographicLib-Java/1.49/GeographicLib-Java-1.49.jar:/home/dani/.m2/repository/org/geotools/gt-http/26.3/gt-http-26.3.jar:/home/dani/.m2/repository/com/fasterxml/jackson/core/jackson-core/2.10.5/jackson-core-2.10.5.jar:/home/dani/.m2/repository/javax/media/jai_imageio/1.1/jai_imageio-1.1.jar:/home/dani/.m2/repository/javax/media/jai_core/1.1.3/jai_core-1.1.3.jar:/home/dani/.m2/repository/org/geotools/gt-opengis/26.3/gt-opengis-26.3.jar:/home/dani/.m2/repository/commons-pool/commons-pool/1.5.4/commons-pool-1.5.4.jar:/home/dani/.m2/repository/systems/uom/systems-common/2.0.2/systems-common-2.0.2.jar:/home/dani/.m2/repository/javax/measure/unit-api/2.0/unit-api-2.0.jar:/home/dani/.m2/repository/tech/units/indriya/2.0.2/indriya-2.0.2.jar:/home/dani/.m2/repository/tech/uom/lib/uom-lib-common/2.0/uom-lib-common-2.0.jar:/home/dani/.m2/repository/javax/inject/javax.inject/1/javax.inject-1.jar:/home/dani/.m2/repository/si/uom/si-quantity/2.0.1/si-quantity-2.0.1.jar:/home/dani/.m2/repository/si/uom/si-units/2.0.1/si-units-2.0.1.jar:/home/dani/.m2/repository/jakarta/annotation/jakarta.annotation-api/1.3.4/jakarta.annotation-api-1.3.4.jar:/home/dani/.m2/repository/org/geoserver/extension/gs-wps-core/2.20.3/gs-wps-core-2.20.3.jar:/home/dani/.m2/repository/org/geoserver/gs-wfs/2.20.3/gs-wfs-2.20.3.jar:/home/dani/.m2/repository/org/geoserver/gs-main/2.20.3/gs-main-2.20.3.jar:/home/dani/.m2/repository/org/geotools/ogc/net.opengis.wfs/26.3/net.opengis.wfs-26.3.jar:/home/dani/.m2/repository/org/geotools/ogc/org.w3.xlink/26.3/org.w3.xlink-26.3.jar:/home/dani/.m2/repository/org/geotools/ogc/net.opengis.fes/26.3/net.opengis.fes-26.3.jar:/home/dani/.m2/repository/org/geotools/xsd/gt-xsd-wfs/26.3/gt-xsd-wfs-26.3.jar:/home/dani/.m2/repository/org/geotools/xsd/gt-xsd-fes/26.3/gt-xsd-fes-26.3.jar:/home/dani/.m2/repository/org/geotools/xsd/gt-xsd-filter/26.3/gt-xsd-filter-26.3.jar:/home/dani/.m2/repository/org/geotools/xsd/gt-xsd-gml2/26.3/gt-xsd-gml2-26.3.jar:/home/dani/.m2/repository/org/geotools/gt-shapefile/26.3/gt-shapefile-26.3.jar:/home/dani/.m2/repository/org/geoserver/gs-wcs2_0/2.20.3/gs-wcs2_0-2.20.3.jar:/home/dani/.m2/repository/org/geoserver/gs-wcs/2.20.3/gs-wcs-2.20.3.jar:/home/dani/.m2/repository/org/geotools/ogc/net.opengis.wcs/26.3/net.opengis.wcs-26.3.jar:/home/dani/.m2/repository/org/geotools/xsd/gt-xsd-wcs/26.3/gt-xsd-wcs-26.3.jar:/home/dani/.m2/repository/org/geoserver/gs-wcs1_1/2.20.3/gs-wcs1_1-2.20.3.jar:/home/dani/.m2/repository/org/geotools/xsd/gt-xsd-gml3/26.3/gt-xsd-gml3-26.3.jar:/home/dani/.m2/repository/javax/mail/mail/1.4/mail-1.4.jar:/home/dani/.m2/repository/org/geoserver/gs-wcs1_0/2.20.3/gs-wcs1_0-2.20.3.jar:/home/dani/.m2/repository/org/geotools/xsd/gt-xsd-ows/26.3/gt-xsd-ows-26.3.jar:/home/dani/.m2/repository/org/geotools/ogc/net.opengis.wps/26.3/net.opengis.wps-26.3.jar:/home/dani/.m2/repository/org/geotools/ogc/net.opengis.ows/26.3/net.opengis.ows-26.3.jar:/home/dani/.m2/repository/org/eclipse/emf/org.eclipse.emf.common/2.15.0/org.eclipse.emf.common-2.15.0.jar:/home/dani/.m2/repository/org/eclipse/emf/org.eclipse.emf.ecore/2.15.0/org.eclipse.emf.ecore-2.15.0.jar:/home/dani/.m2/repository/org/eclipse/emf/org.eclipse.emf.ecore.xmi/2.15.0/org.eclipse.emf.ecore.xmi-2.15.0.jar:/home/dani/.m2/repository/org/geotools/xsd/gt-xsd-wps/26.3/gt-xsd-wps-26.3.jar:/home/dani/.m2/repository/org/geotools/xsd/gt-xsd-sld/26.3/gt-xsd-sld-26.3.jar:/home/dani/.m2/repository/org/geotools/xsd/gt-xsd-core/26.3/gt-xsd-core-26.3.jar:/home/dani/.m2/repository/picocontainer/picocontainer/1.2/picocontainer-1.2.jar:/home/dani/.m2/repository/commons-jxpath/commons-jxpath/1.3/commons-jxpath-1.3.jar:/home/dani/.m2/repository/org/eclipse/xsd/org.eclipse.xsd/2.12.0/org.eclipse.xsd-2.12.0.jar:/home/dani/.m2/repository/org/geotools/gt-process-raster/26.3/gt-process-raster-26.3.jar:/home/dani/.m2/repository/org/geotools/gt-render/26.3/gt-render-26.3.jar:/home/dani/.m2/repository/com/conversantmedia/disruptor/1.2.13/disruptor-1.2.13.jar:/home/dani/.m2/repository/org/jaitools/jt-zonalstats/1.6.0/jt-zonalstats-1.6.0.jar:/home/dani/.m2/repository/org/jaitools/jt-rangelookup/1.6.0/jt-rangelookup-1.6.0.jar:/home/dani/.m2/repository/org/jaitools/jt-contour/1.6.0/jt-contour-1.6.0.jar:/home/dani/.m2/repository/org/jaitools/jt-attributeop/1.6.0/jt-attributeop-1.6.0.jar:/home/dani/.m2/repository/org/jaitools/jt-vectorize/1.6.0/jt-vectorize-1.6.0.jar:/home/dani/.m2/repository/it/geosolutions/jaiext/jiffle/jt-jiffle-op/1.1.21/jt-jiffle-op-1.1.21.jar:/home/dani/.m2/repository/it/geosolutions/jaiext/jiffle/jt-jiffle-language/1.1.21/jt-jiffle-language-1.1.21.jar:/home/dani/.m2/repository/org/antlr/antlr4-runtime/4.7.1/antlr4-runtime-4.7.1.jar:/home/dani/.m2/repository/org/codehaus/janino/janino/3.0.8/janino-3.0.8.jar:/home/dani/.m2/repository/org/codehaus/janino/commons-compiler/3.0.8/commons-compiler-3.0.8.jar:/home/dani/.m2/repository/it/geosolutions/jaiext/classbreaks/jt-classbreaks/1.1.21/jt-classbreaks-1.1.21.jar:/home/dani/.m2/repository/org/geotools/gt-process-geometry/26.3/gt-process-geometry-26.3.jar:/home/dani/.m2/repository/org/geotools/gt-process-feature/26.3/gt-process-feature-26.3.jar:/home/dani/.m2/repository/org/geotools/gt-arcgrid/26.3/gt-arcgrid-26.3.jar:/home/dani/.m2/repository/it/geosolutions/imageio-ext/imageio-ext-arcgrid/1.3.10/imageio-ext-arcgrid-1.3.10.jar:/home/dani/.m2/repository/it/geosolutions/imageio-ext/imageio-ext-utilities/1.3.10/imageio-ext-utilities-1.3.10.jar:/home/dani/.m2/repository/org/geotools/gt-geotiff/26.3/gt-geotiff-26.3.jar:/home/dani/.m2/repository/it/geosolutions/imageio-ext/imageio-ext-tiff/1.3.10/imageio-ext-tiff-1.3.10.jar:/home/dani/.m2/repository/io/airlift/aircompressor/0.20/aircompressor-0.20.jar:/home/dani/.m2/repository/it/geosolutions/imageio-ext/imageio-ext-cog-reader/1.3.10/imageio-ext-cog-reader-1.3.10.jar:/home/dani/.m2/repository/it/geosolutions/imageio-ext/imageio-ext-cog-commons/1.3.10/imageio-ext-cog-commons-1.3.10.jar:/home/dani/.m2/repository/it/geosolutions/imageio-ext/imageio-ext-cog-streams/1.3.10/imageio-ext-cog-streams-1.3.10.jar:/home/dani/.m2/repository/org/ehcache/ehcache/3.4.0/ehcache-3.4.0.jar:/home/dani/.m2/repository/org/geotools/gt-geojson/26.3/gt-geojson-26.3.jar:/home/dani/.m2/repository/com/googlecode/json-simple/json-simple/1.1.1/json-simple-1.1.1.jar:/home/dani/.m2/repository/junit/junit/4.10/junit-4.10.jar:/home/dani/.m2/repository/org/hamcrest/hamcrest-core/1.1/hamcrest-core-1.1.jar:/home/dani/.m2/repository/org/apache/commons/commons-lang3/3.8.1/commons-lang3-3.8.1.jar:/home/dani/.m2/repository/org/geotools/gt-grid/26.3/gt-grid-26.3.jar:/home/dani/.m2/repository/com/google/guava/guava/30.1-jre/guava-30.1-jre.jar:/home/dani/.m2/repository/com/google/guava/failureaccess/1.0.1/failureaccess-1.0.1.jar:/home/dani/.m2/repository/com/google/guava/listenablefuture/9999.0-empty-to-avoid-conflict-with-guava/listenablefuture-9999.0-empty-to-avoid-conflict-with-guava.jar:/home/dani/.m2/repository/org/checkerframework/checker-qual/3.5.0/checker-qual-3.5.0.jar:/home/dani/.m2/repository/com/google/errorprone/error_prone_annotations/2.3.4/error_prone_annotations-2.3.4.jar:/home/dani/.m2/repository/com/google/j2objc/j2objc-annotations/1.3/j2objc-annotations-1.3.jar:/home/dani/.m2/repository/org/apache/commons/commons-text/1.4/commons-text-1.4.jar:/home/dani/.m2/repository/org/geotools/gt-csv/26.3/gt-csv-26.3.jar:/home/dani/.m2/repository/com/opencsv/opencsv/5.0/opencsv-5.0.jar:/home/dani/.m2/repository/org/geoserver/gs-platform/2.20.3/gs-platform-2.20.3.jar:/home/dani/.m2/repository/org/springframework/spring-beans/5.1.20.RELEASE/spring-beans-5.1.20.RELEASE.jar:/home/dani/.m2/repository/org/springframework/spring-context/5.1.20.RELEASE/spring-context-5.1.20.RELEASE.jar:/home/dani/.m2/repository/org/springframework/spring-web/5.1.20.RELEASE/spring-web-5.1.20.RELEASE.jar:/home/dani/.m2/repository/commons-codec/commons-codec/1.9/commons-codec-1.9.jar:/home/dani/.m2/repository/com/h2database/h2/1.1.119/h2-1.1.119.jar:/home/dani/.m2/repository/javax/media/jai_codec/1.1.3/jai_codec-1.1.3.jar:/home/dani/.m2/repository/com/vividsolutions/jts/1.9/jts-1.9.jar:/home/dani/.m2/repository/org/geoserver/gs-main/2.20.3/gs-main-2.20.3-tests.jar:/home/dani/.m2/repository/org/geoserver/gs-ows/2.20.3/gs-ows-2.20.3.jar:/home/dani/.m2/repository/org/springframework/spring-webmvc/5.1.20.RELEASE/spring-webmvc-5.1.20.RELEASE.jar:/home/dani/.m2/repository/net/sf/json-lib/json-lib/2.4.2-geoserver/json-lib-2.4.2-geoserver.jar:/home/dani/.m2/repository/commons-collections/commons-collections/3.2.1/commons-collections-3.2.1.jar:/home/dani/.m2/repository/commons-lang/commons-lang/2.5/commons-lang-2.5.jar:/home/dani/.m2/repository/commons-logging/commons-logging/1.1.1/commons-logging-1.1.1.jar:/home/dani/.m2/repository/net/sf/ezmorph/ezmorph/1.0.6/ezmorph-1.0.6.jar:/home/dani/.m2/repository/commons-beanutils/commons-beanutils/1.9.4/commons-beanutils-1.9.4.jar:/home/dani/.m2/repository/commons-fileupload/commons-fileupload/1.3.3/commons-fileupload-1.3.3.jar:/home/dani/.m2/repository/commons-io/commons-io/2.8.0/commons-io-2.8.0.jar:/home/dani/.m2/repository/commons-httpclient/commons-httpclient/3.1/commons-httpclient-3.1.jar:/home/dani/.m2/repository/org/freemarker/freemarker/2.3.31/freemarker-2.3.31.jar:/home/dani/.m2/repository/org/geotools/gt-cql/26.3/gt-cql-26.3.jar:/home/dani/.m2/repository/log4j/log4j/1.2.17.norce/log4j-1.2.17.norce.jar:/home/dani/.m2/repository/org/geotools/gt-coverage/26.3/gt-coverage-26.3.jar:/home/dani/.m2/repository/it/geosolutions/jaiext/affine/jt-affine/1.1.21/jt-affine-1.1.21.jar:/home/dani/.m2/repository/it/geosolutions/jaiext/algebra/jt-algebra/1.1.21/jt-algebra-1.1.21.jar:/home/dani/.m2/repository/it/geosolutions/jaiext/bandmerge/jt-bandmerge/1.1.21/jt-bandmerge-1.1.21.jar:/home/dani/.m2/repository/it/geosolutions/jaiext/bandselect/jt-bandselect/1.1.21/jt-bandselect-1.1.21.jar:/home/dani/.m2/repository/it/geosolutions/jaiext/bandcombine/jt-bandcombine/1.1.21/jt-bandcombine-1.1.21.jar:/home/dani/.m2/repository/it/geosolutions/jaiext/border/jt-border/1.1.21/jt-border-1.1.21.jar:/home/dani/.m2/repository/it/geosolutions/jaiext/buffer/jt-buffer/1.1.21/jt-buffer-1.1.21.jar:/home/dani/.m2/repository/it/geosolutions/jaiext/crop/jt-crop/1.1.21/jt-crop-1.1.21.jar:/home/dani/.m2/repository/it/geosolutions/jaiext/iterators/jt-iterators/1.1.21/jt-iterators-1.1.21.jar:/home/dani/.m2/repository/it/geosolutions/jaiext/lookup/jt-lookup/1.1.21/jt-lookup-1.1.21.jar:/home/dani/.m2/repository/it/geosolutions/jaiext/mosaic/jt-mosaic/1.1.21/jt-mosaic-1.1.21.jar:/home/dani/.m2/repository/it/geosolutions/jaiext/nullop/jt-nullop/1.1.21/jt-nullop-1.1.21.jar:/home/dani/.m2/repository/it/geosolutions/jaiext/rescale/jt-rescale/1.1.21/jt-rescale-1.1.21.jar:/home/dani/.m2/repository/it/geosolutions/jaiext/scale/jt-scale/1.1.21/jt-scale-1.1.21.jar:/home/dani/.m2/repository/it/geosolutions/jaiext/scale2/jt-scale2/1.1.21/jt-scale2-1.1.21.jar:/home/dani/.m2/repository/org/huldra/math/bigint/0.7.1/bigint-0.7.1.jar:/home/dani/.m2/repository/it/geosolutions/jaiext/stats/jt-stats/1.1.21/jt-stats-1.1.21.jar:/home/dani/.m2/repository/it/geosolutions/jaiext/translate/jt-translate/1.1.21/jt-translate-1.1.21.jar:/home/dani/.m2/repository/it/geosolutions/jaiext/utilities/jt-utilities/1.1.21/jt-utilities-1.1.21.jar:/home/dani/.m2/repository/it/geosolutions/jaiext/warp/jt-warp/1.1.21/jt-warp-1.1.21.jar:/home/dani/.m2/repository/it/geosolutions/jaiext/zonal/jt-zonal/1.1.21/jt-zonal-1.1.21.jar:/home/dani/.m2/repository/it/geosolutions/jaiext/binarize/jt-binarize/1.1.21/jt-binarize-1.1.21.jar:/home/dani/.m2/repository/it/geosolutions/jaiext/format/jt-format/1.1.21/jt-format-1.1.21.jar:/home/dani/.m2/repository/it/geosolutions/jaiext/colorconvert/jt-colorconvert/1.1.21/jt-colorconvert-1.1.21.jar:/home/dani/.m2/repository/it/geosolutions/jaiext/errordiffusion/jt-errordiffusion/1.1.21/jt-errordiffusion-1.1.21.jar:/home/dani/.m2/repository/it/geosolutions/jaiext/orderdither/jt-orderdither/1.1.21/jt-orderdither-1.1.21.jar:/home/dani/.m2/repository/it/geosolutions/jaiext/colorindexer/jt-colorindexer/1.1.21/jt-colorindexer-1.1.21.jar:/home/dani/.m2/repository/it/geosolutions/jaiext/imagefunction/jt-imagefunction/1.1.21/jt-imagefunction-1.1.21.jar:/home/dani/.m2/repository/it/geosolutions/jaiext/piecewise/jt-piecewise/1.1.21/jt-piecewise-1.1.21.jar:/home/dani/.m2/repository/it/geosolutions/jaiext/classifier/jt-classifier/1.1.21/jt-classifier-1.1.21.jar:/home/dani/.m2/repository/it/geosolutions/jaiext/rlookup/jt-rlookup/1.1.21/jt-rlookup-1.1.21.jar:/home/dani/.m2/repository/it/geosolutions/jaiext/vectorbin/jt-vectorbin/1.1.21/jt-vectorbin-1.1.21.jar:/home/dani/.m2/repository/it/geosolutions/jaiext/shadedrelief/jt-shadedrelief/1.1.21/jt-shadedrelief-1.1.21.jar:/home/dani/.m2/repository/org/geotools/gt-jdbc/26.3/gt-jdbc-26.3.jar:/home/dani/.m2/repository/commons-dbcp/commons-dbcp/1.4/commons-dbcp-1.4.jar:/home/dani/.m2/repository/org/geotools/gt-wfs-ng/26.3/gt-wfs-ng-26.3.jar:/home/dani/.m2/repository/org/geotools/gt-complex/26.3/gt-complex-26.3.jar:/home/dani/.m2/repository/org/geotools/gt-app-schema-resolver/26.3/gt-app-schema-resolver-26.3.jar:/home/dani/.m2/repository/org/geotools/gt-xml/26.3/gt-xml-26.3.jar:/home/dani/.m2/repository/org/apache/xml/xml-commons-resolver/1.2/xml-commons-resolver-1.2.jar:/home/dani/.m2/repository/org/geotools/gt-gml-geometry-streaming/26.3/gt-gml-geometry-streaming-26.3.jar:/home/dani/.m2/repository/org/geotools/gt-http-commons/26.3/gt-http-commons-26.3.jar:/home/dani/.m2/repository/org/apache/httpcomponents/httpclient/4.5.13/httpclient-4.5.13.jar:/home/dani/.m2/repository/org/apache/httpcomponents/httpcore/4.4.13/httpcore-4.4.13.jar:/home/dani/.m2/repository/org/geotools/gt-metadata/26.3/gt-metadata-26.3.jar:/home/dani/.m2/repository/org/geotools/gt-property/26.3/gt-property-26.3.jar:/home/dani/.m2/repository/org/geotools/gt-epsg-hsql/26.3/gt-epsg-hsql-26.3.jar:/home/dani/.m2/repository/org/hsqldb/hsqldb/2.4.1/hsqldb-2.4.1.jar:/home/dani/.m2/repository/org/geotools/gt-wms/26.3/gt-wms-26.3.jar:/home/dani/.m2/repository/org/geotools/gt-wmts/26.3/gt-wmts-26.3.jar:/home/dani/.m2/repository/org/geotools/gt-tile-client/26.3/gt-tile-client-26.3.jar:/home/dani/.m2/repository/org/geotools/xsd/gt-xsd-wmts/26.3/gt-xsd-wmts-26.3.jar:/home/dani/.m2/repository/org/geotools/ogc/net.opengis.wmts/26.3/net.opengis.wmts-26.3.jar:/home/dani/.m2/repository/org/springframework/spring-aop/5.1.20.RELEASE/spring-aop-5.1.20.RELEASE.jar:/home/dani/.m2/repository/org/springframework/spring-jdbc/5.1.20.RELEASE/spring-jdbc-5.1.20.RELEASE.jar:/home/dani/.m2/repository/org/springframework/spring-tx/5.1.20.RELEASE/spring-tx-5.1.20.RELEASE.jar:/home/dani/.m2/repository/com/thoughtworks/xstream/xstream/1.4.11.1/xstream-1.4.11.1.jar:/home/dani/.m2/repository/xmlpull/xmlpull/1.1.3.1/xmlpull-1.1.3.1.jar:/home/dani/.m2/repository/xpp3/xpp3_min/1.1.4c/xpp3_min-1.1.4c.jar:/home/dani/.m2/repository/com/google/code/findbugs/jsr305/2.0.3/jsr305-2.0.3.jar:/home/dani/.m2/repository/it/geosolutions/jaiext/concurrent-tile-cache/jt-concurrent-tile-cache/1.1.21/jt-concurrent-tile-cache-1.1.21.jar:/home/dani/.m2/repository/javax/activation/activation/1.1/activation-1.1.jar:/home/dani/.m2/repository/com/github/oshi/oshi-core/5.8.6/oshi-core-5.8.6.jar:/home/dani/.m2/repository/net/java/dev/jna/jna/5.10.0/jna-5.10.0.jar:/home/dani/.m2/repository/net/java/dev/jna/jna-platform/5.10.0/jna-platform-5.10.0.jar:/home/dani/.m2/repository/org/slf4j/slf4j-api/1.7.32/slf4j-api-1.7.32.jar:/home/dani/.m2/repository/org/geotools/gt-imagemosaic/26.3/gt-imagemosaic-26.3.jar:/home/dani/.m2/repository/org/geotools/gt-transform/26.3/gt-transform-26.3.jar:/home/dani/.m2/repository/it/geosolutions/imageio-ext/imageio-ext-streams/1.3.10/imageio-ext-streams-1.3.10.jar:/home/dani/.m2/repository/it/geosolutions/imageio-ext/imageio-ext-geocore/1.3.10/imageio-ext-geocore-1.3.10.jar:/home/dani/.m2/repository/org/geotools/gt-image/26.3/gt-image-26.3.jar:/home/dani/.m2/repository/org/jaitools/jt-vectorbinarize/1.6.0/jt-vectorbinarize-1.6.0.jar:/home/dani/.m2/repository/javax/xml/bind/jaxb-api/2.4.0-b180830.0359/jaxb-api-2.4.0-b180830.0359.jar:/home/dani/.m2/repository/org/glassfish/jaxb/jaxb-runtime/2.4.0-b180830.0438/jaxb-runtime-2.4.0-b180830.0438.jar:/home/dani/.m2/repository/org/glassfish/jaxb/txw2/2.4.0-b180830.0438/txw2-2.4.0-b180830.0438.jar:/home/dani/.m2/repository/com/sun/istack/istack-commons-runtime/3.0.7/istack-commons-runtime-3.0.7.jar:/home/dani/.m2/repository/org/jvnet/staxex/stax-ex/1.8/stax-ex-1.8.jar:/home/dani/.m2/repository/com/sun/xml/fastinfoset/FastInfoset/1.2.15/FastInfoset-1.2.15.jar:/home/dani/.m2/repository/javax/activation/javax.activation-api/1.2.0/javax.activation-api-1.2.0.jar:/home/dani/.m2/repository/org/springframework/security/spring-security-core/5.1.13.RELEASE/spring-security-core-5.1.13.RELEASE.jar:/home/dani/.m2/repository/org/springframework/spring-expression/5.1.18.RELEASE/spring-expression-5.1.18.RELEASE.jar:/home/dani/.m2/repository/org/springframework/spring-core/5.1.20.RELEASE/spring-core-5.1.20.RELEASE.jar:/home/dani/.m2/repository/org/springframework/security/spring-security-web/5.1.13.RELEASE/spring-security-web-5.1.13.RELEASE.jar:/home/dani/.m2/repository/org/springframework/security/spring-security-config/5.1.13.RELEASE/spring-security-config-5.1.13.RELEASE.jar:/home/dani/.m2/repository/org/jasypt/jasypt/1.9.2/jasypt-1.9.2.jar:/home/dani/.m2/repository/org/jasypt/jasypt-springsecurity3/1.9.2/jasypt-springsecurity3-1.9.2.jar:/home/dani/.m2/repository/org/bouncycastle/bcprov-jdk15on/1.69/bcprov-jdk15on-1.69.jar:/home/dani/.m2/repository/org/apache/commons/commons-collections4/4.2/commons-collections4-4.2.jar:/home/dani/.m2/repository/org/codehaus/jettison/jettison/1.0.1/jettison-1.0.1.jar:/home/dani/.m2/repository/stax/stax-api/1.0.1/stax-api-1.0.1.jar:/home/dani/.m2/repository/org/junit/jupiter/junit-jupiter-engine/5.3.1/junit-jupiter-engine-5.3.1.jar:/home/dani/.m2/repository/org/apiguardian/apiguardian-api/1.0.0/apiguardian-api-1.0.0.jar:/home/dani/.m2/repository/org/junit/platform/junit-platform-engine/1.3.1/junit-platform-engine-1.3.1.jar:/home/dani/.m2/repository/org/junit/platform/junit-platform-commons/1.3.1/junit-platform-commons-1.3.1.jar:/home/dani/.m2/repository/org/opentest4j/opentest4j/1.1.1/opentest4j-1.1.1.jar:/home/dani/.m2/repository/org/junit/jupiter/junit-jupiter-api/5.3.1/junit-jupiter-api-5.3.1.jar:"/>
    <property name="java.vm.vendor" value="Ubuntu"/>
    <property name="sun.arch.data.model" value="64"/>
    <property name="java.vendor.url" value="https://ubuntu.com/"/>
    <property name="user.timezone" value=""/>
    <property name="java.vm.specification.version" value="11"/>
    <property name="os.name" value="Linux"/>
    <property name="sun.java.launcher" value="SUN_STANDARD"/>
    <property name="user.country" value="US"/>
    <property name="sun.boot.library.path" value="/usr/lib/jvm/java-11-openjdk-amd64/lib"/>
    <property name="sun.java.command" value="/home/dani/Desktop/geoserver/geoserver-wps-network-course/target/surefire/surefirebooter12588745652002942216.jar /home/dani/Desktop/geoserver/geoserver-wps-network-course/target/surefire 2023-02-12T16-12-13_155-jvmRun1 surefire2448018420509080262tmp surefire_010972509011869236509tmp"/>
    <property name="jdk.debug" value="release"/>
    <property name="surefire.test.class.path" value="/home/dani/Desktop/geoserver/geoserver-wps-network-course/target/test-classes:/home/dani/Desktop/geoserver/geoserver-wps-network-course/target/classes:/home/dani/.m2/repository/org/geotools/gt-process/26.3/gt-process-26.3.jar:/home/dani/.m2/repository/org/jaitools/jt-utils/1.6.0/jt-utils-1.6.0.jar:/home/dani/.m2/repository/org/locationtech/jts/jts-core/1.17.0/jts-core-1.17.0.jar:/home/dani/.m2/repository/org/geotools/gt-main/26.3/gt-main-26.3.jar:/home/dani/.m2/repository/org/geotools/gt-referencing/26.3/gt-referencing-26.3.jar:/home/dani/.m2/repository/org/ejml/ejml-ddense/0.34/ejml-ddense-0.34.jar:/home/dani/.m2/repository/org/ejml/ejml-core/0.34/ejml-core-0.34.jar:/home/dani/.m2/repository/it/geosolutions/jgridshift/jgridshift-core/1.3/jgridshift-core-1.3.jar:/home/dani/.m2/repository/net/sf/geographiclib/GeographicLib-Java/1.49/GeographicLib-Java-1.49.jar:/home/dani/.m2/repository/org/geotools/gt-http/26.3/gt-http-26.3.jar:/home/dani/.m2/repository/com/fasterxml/jackson/core/jackson-core/2.10.5/jackson-core-2.10.5.jar:/home/dani/.m2/repository/javax/media/jai_imageio/1.1/jai_imageio-1.1.jar:/home/dani/.m2/repository/javax/media/jai_core/1.1.3/jai_core-1.1.3.jar:/home/dani/.m2/repository/org/geotools/gt-opengis/26.3/gt-opengis-26.3.jar:/home/dani/.m2/repository/commons-pool/commons-pool/1.5.4/commons-pool-1.5.4.jar:/home/dani/.m2/repository/systems/uom/systems-common/2.0.2/systems-common-2.0.2.jar:/home/dani/.m2/repository/javax/measure/unit-api/2.0/unit-api-2.0.jar:/home/dani/.m2/repository/tech/units/indriya/2.0.2/indriya-2.0.2.jar:/home/dani/.m2/repository/tech/uom/lib/uom-lib-common/2.0/uom-lib-common-2.0.jar:/home/dani/.m2/repository/javax/inject/javax.inject/1/javax.inject-1.jar:/home/dani/.m2/repository/si/uom/si-quantity/2.0.1/si-quantity-2.0.1.jar:/home/dani/.m2/repository/si/uom/si-units/2.0.1/si-units-2.0.1.jar:/home/dani/.m2/repository/jakarta/annotation/jakarta.annotation-api/1.3.4/jakarta.annotation-api-1.3.4.jar:/home/dani/.m2/repository/org/geoserver/extension/gs-wps-core/2.20.3/gs-wps-core-2.20.3.jar:/home/dani/.m2/repository/org/geoserver/gs-wfs/2.20.3/gs-wfs-2.20.3.jar:/home/dani/.m2/repository/org/geoserver/gs-main/2.20.3/gs-main-2.20.3.jar:/home/dani/.m2/repository/org/geotools/ogc/net.opengis.wfs/26.3/net.opengis.wfs-26.3.jar:/home/dani/.m2/repository/org/geotools/ogc/org.w3.xlink/26.3/org.w3.xlink-26.3.jar:/home/dani/.m2/repository/org/geotools/ogc/net.opengis.fes/26.3/net.opengis.fes-26.3.jar:/home/dani/.m2/repository/org/geotools/xsd/gt-xsd-wfs/26.3/gt-xsd-wfs-26.3.jar:/home/dani/.m2/repository/org/geotools/xsd/gt-xsd-fes/26.3/gt-xsd-fes-26.3.jar:/home/dani/.m2/repository/org/geotools/xsd/gt-xsd-filter/26.3/gt-xsd-filter-26.3.jar:/home/dani/.m2/repository/org/geotools/xsd/gt-xsd-gml2/26.3/gt-xsd-gml2-26.3.jar:/home/dani/.m2/repository/org/geotools/gt-shapefile/26.3/gt-shapefile-26.3.jar:/home/dani/.m2/repository/org/geoserver/gs-wcs2_0/2.20.3/gs-wcs2_0-2.20.3.jar:/home/dani/.m2/repository/org/geoserver/gs-wcs/2.20.3/gs-wcs-2.20.3.jar:/home/dani/.m2/repository/org/geotools/ogc/net.opengis.wcs/26.3/net.opengis.wcs-26.3.jar:/home/dani/.m2/repository/org/geotools/xsd/gt-xsd-wcs/26.3/gt-xsd-wcs-26.3.jar:/home/dani/.m2/repository/org/geoserver/gs-wcs1_1/2.20.3/gs-wcs1_1-2.20.3.jar:/home/dani/.m2/repository/org/geotools/xsd/gt-xsd-gml3/26.3/gt-xsd-gml3-26.3.jar:/home/dani/.m2/repository/javax/mail/mail/1.4/mail-1.4.jar:/home/dani/.m2/repository/org/geoserver/gs-wcs1_0/2.20.3/gs-wcs1_0-2.20.3.jar:/home/dani/.m2/repository/org/geotools/xsd/gt-xsd-ows/26.3/gt-xsd-ows-26.3.jar:/home/dani/.m2/repository/org/geotools/ogc/net.opengis.wps/26.3/net.opengis.wps-26.3.jar:/home/dani/.m2/repository/org/geotools/ogc/net.opengis.ows/26.3/net.opengis.ows-26.3.jar:/home/dani/.m2/repository/org/eclipse/emf/org.eclipse.emf.common/2.15.0/org.eclipse.emf.common-2.15.0.jar:/home/dani/.m2/repository/org/eclipse/emf/org.eclipse.emf.ecore/2.15.0/org.eclipse.emf.ecore-2.15.0.jar:/home/dani/.m2/repository/org/eclipse/emf/org.eclipse.emf.ecore.xmi/2.15.0/org.eclipse.emf.ecore.xmi-2.15.0.jar:/home/dani/.m2/repository/org/geotools/xsd/gt-xsd-wps/26.3/gt-xsd-wps-26.3.jar:/home/dani/.m2/repository/org/geotools/xsd/gt-xsd-sld/26.3/gt-xsd-sld-26.3.jar:/home/dani/.m2/repository/org/geotools/xsd/gt-xsd-core/26.3/gt-xsd-core-26.3.jar:/home/dani/.m2/repository/picocontainer/picocontainer/1.2/picocontainer-1.2.jar:/home/dani/.m2/repository/commons-jxpath/commons-jxpath/1.3/commons-jxpath-1.3.jar:/home/dani/.m2/repository/org/eclipse/xsd/org.eclipse.xsd/2.12.0/org.eclipse.xsd-2.12.0.jar:/home/dani/.m2/repository/org/geotools/gt-process-raster/26.3/gt-process-raster-26.3.jar:/home/dani/.m2/repository/org/geotools/gt-render/26.3/gt-render-26.3.jar:/home/dani/.m2/repository/com/conversantmedia/disruptor/1.2.13/disruptor-1.2.13.jar:/home/dani/.m2/repository/org/jaitools/jt-zonalstats/1.6.0/jt-zonalstats-1.6.0.jar:/home/dani/.m2/repository/org/jaitools/jt-rangelookup/1.6.0/jt-rangelookup-1.6.0.jar:/home/dani/.m2/repository/org/jaitools/jt-contour/1.6.0/jt-contour-1.6.0.jar:/home/dani/.m2/repository/org/jaitools/jt-attributeop/1.6.0/jt-attributeop-1.6.0.jar:/home/dani/.m2/repository/org/jaitools/jt-vectorize/1.6.0/jt-vectorize-1.6.0.jar:/home/dani/.m2/repository/it/geosolutions/jaiext/jiffle/jt-jiffle-op/1.1.21/jt-jiffle-op-1.1.21.jar:/home/dani/.m2/repository/it/geosolutions/jaiext/jiffle/jt-jiffle-language/1.1.21/jt-jiffle-language-1.1.21.jar:/home/dani/.m2/repository/org/antlr/antlr4-runtime/4.7.1/antlr4-runtime-4.7.1.jar:/home/dani/.m2/repository/org/codehaus/janino/janino/3.0.8/janino-3.0.8.jar:/home/dani/.m2/repository/org/codehaus/janino/commons-compiler/3.0.8/commons-compiler-3.0.8.jar:/home/dani/.m2/repository/it/geosolutions/jaiext/classbreaks/jt-classbreaks/1.1.21/jt-classbreaks-1.1.21.jar:/home/dani/.m2/repository/org/geotools/gt-process-geometry/26.3/gt-process-geometry-26.3.jar:/home/dani/.m2/repository/org/geotools/gt-process-feature/26.3/gt-process-feature-26.3.jar:/home/dani/.m2/repository/org/geotools/gt-arcgrid/26.3/gt-arcgrid-26.3.jar:/home/dani/.m2/repository/it/geosolutions/imageio-ext/imageio-ext-arcgrid/1.3.10/imageio-ext-arcgrid-1.3.10.jar:/home/dani/.m2/repository/it/geosolutions/imageio-ext/imageio-ext-utilities/1.3.10/imageio-ext-utilities-1.3.10.jar:/home/dani/.m2/repository/org/geotools/gt-geotiff/26.3/gt-geotiff-26.3.jar:/home/dani/.m2/repository/it/geosolutions/imageio-ext/imageio-ext-tiff/1.3.10/imageio-ext-tiff-1.3.10.jar:/home/dani/.m2/repository/io/airlift/aircompressor/0.20/aircompressor-0.20.jar:/home/dani/.m2/repository/it/geosolutions/imageio-ext/imageio-ext-cog-reader/1.3.10/imageio-ext-cog-reader-1.3.10.jar:/home/dani/.m2/repository/it/geosolutions/imageio-ext/imageio-ext-cog-commons/1.3.10/imageio-ext-cog-commons-1.3.10.jar:/home/dani/.m2/repository/it/geosolutions/imageio-ext/imageio-ext-cog-streams/1.3.10/imageio-ext-cog-streams-1.3.10.jar:/home/dani/.m2/repository/org/ehcache/ehcache/3.4.0/ehcache-3.4.0.jar:/home/dani/.m2/repository/org/geotools/gt-geojson/26.3/gt-geojson-26.3.jar:/home/dani/.m2/repository/com/googlecode/json-simple/json-simple/1.1.1/json-simple-1.1.1.jar:/home/dani/.m2/repository/junit/junit/4.10/junit-4.10.jar:/home/dani/.m2/repository/org/hamcrest/hamcrest-core/1.1/hamcrest-core-1.1.jar:/home/dani/.m2/repository/org/apache/commons/commons-lang3/3.8.1/commons-lang3-3.8.1.jar:/home/dani/.m2/repository/org/geotools/gt-grid/26.3/gt-grid-26.3.jar:/home/dani/.m2/repository/com/google/guava/guava/30.1-jre/guava-30.1-jre.jar:/home/dani/.m2/repository/com/google/guava/failureaccess/1.0.1/failureaccess-1.0.1.jar:/home/dani/.m2/repository/com/google/guava/listenablefuture/9999.0-empty-to-avoid-conflict-with-guava/listenablefuture-9999.0-empty-to-avoid-conflict-with-guava.jar:/home/dani/.m2/repository/org/checkerframework/checker-qual/3.5.0/checker-qual-3.5.0.jar:/home/dani/.m2/repository/com/google/errorprone/error_prone_annotations/2.3.4/error_prone_annotations-2.3.4.jar:/home/dani/.m2/repository/com/google/j2objc/j2objc-annotations/1.3/j2objc-annotations-1.3.jar:/home/dani/.m2/repository/org/apache/commons/commons-text/1.4/commons-text-1.4.jar:/home/dani/.m2/repository/org/geotools/gt-csv/26.3/gt-csv-26.3.jar:/home/dani/.m2/repository/com/opencsv/opencsv/5.0/opencsv-5.0.jar:/home/dani/.m2/repository/org/geoserver/gs-platform/2.20.3/gs-platform-2.20.3.jar:/home/dani/.m2/repository/org/springframework/spring-beans/5.1.20.RELEASE/spring-beans-5.1.20.RELEASE.jar:/home/dani/.m2/repository/org/springframework/spring-context/5.1.20.RELEASE/spring-context-5.1.20.RELEASE.jar:/home/dani/.m2/repository/org/springframework/spring-web/5.1.20.RELEASE/spring-web-5.1.20.RELEASE.jar:/home/dani/.m2/repository/commons-codec/commons-codec/1.9/commons-codec-1.9.jar:/home/dani/.m2/repository/com/h2database/h2/1.1.119/h2-1.1.119.jar:/home/dani/.m2/repository/javax/media/jai_codec/1.1.3/jai_codec-1.1.3.jar:/home/dani/.m2/repository/com/vividsolutions/jts/1.9/jts-1.9.jar:/home/dani/.m2/repository/org/geoserver/gs-main/2.20.3/gs-main-2.20.3-tests.jar:/home/dani/.m2/repository/org/geoserver/gs-ows/2.20.3/gs-ows-2.20.3.jar:/home/dani/.m2/repository/org/springframework/spring-webmvc/5.1.20.RELEASE/spring-webmvc-5.1.20.RELEASE.jar:/home/dani/.m2/repository/net/sf/json-lib/json-lib/2.4.2-geoserver/json-lib-2.4.2-geoserver.jar:/home/dani/.m2/repository/commons-collections/commons-collections/3.2.1/commons-collections-3.2.1.jar:/home/dani/.m2/repository/commons-lang/commons-lang/2.5/commons-lang-2.5.jar:/home/dani/.m2/repository/commons-logging/commons-logging/1.1.1/commons-logging-1.1.1.jar:/home/dani/.m2/repository/net/sf/ezmorph/ezmorph/1.0.6/ezmorph-1.0.6.jar:/home/dani/.m2/repository/commons-beanutils/commons-beanutils/1.9.4/commons-beanutils-1.9.4.jar:/home/dani/.m2/repository/commons-fileupload/commons-fileupload/1.3.3/commons-fileupload-1.3.3.jar:/home/dani/.m2/repository/commons-io/commons-io/2.8.0/commons-io-2.8.0.jar:/home/dani/.m2/repository/commons-httpclient/commons-httpclient/3.1/commons-httpclient-3.1.jar:/home/dani/.m2/repository/org/freemarker/freemarker/2.3.31/freemarker-2.3.31.jar:/home/dani/.m2/repository/org/geotools/gt-cql/26.3/gt-cql-26.3.jar:/home/dani/.m2/repository/log4j/log4j/1.2.17.norce/log4j-1.2.17.norce.jar:/home/dani/.m2/repository/org/geotools/gt-coverage/26.3/gt-coverage-26.3.jar:/home/dani/.m2/repository/it/geosolutions/jaiext/affine/jt-affine/1.1.21/jt-affine-1.1.21.jar:/home/dani/.m2/repository/it/geosolutions/jaiext/algebra/jt-algebra/1.1.21/jt-algebra-1.1.21.jar:/home/dani/.m2/repository/it/geosolutions/jaiext/bandmerge/jt-bandmerge/1.1.21/jt-bandmerge-1.1.21.jar:/home/dani/.m2/repository/it/geosolutions/jaiext/bandselect/jt-bandselect/1.1.21/jt-bandselect-1.1.21.jar:/home/dani/.m2/repository/it/geosolutions/jaiext/bandcombine/jt-bandcombine/1.1.21/jt-bandcombine-1.1.21.jar:/home/dani/.m2/repository/it/geosolutions/jaiext/border/jt-border/1.1.21/jt-border-1.1.21.jar:/home/dani/.m2/repository/it/geosolutions/jaiext/buffer/jt-buffer/1.1.21/jt-buffer-1.1.21.jar:/home/dani/.m2/repository/it/geosolutions/jaiext/crop/jt-crop/1.1.21/jt-crop-1.1.21.jar:/home/dani/.m2/repository/it/geosolutions/jaiext/iterators/jt-iterators/1.1.21/jt-iterators-1.1.21.jar:/home/dani/.m2/repository/it/geosolutions/jaiext/lookup/jt-lookup/1.1.21/jt-lookup-1.1.21.jar:/home/dani/.m2/repository/it/geosolutions/jaiext/mosaic/jt-mosaic/1.1.21/jt-mosaic-1.1.21.jar:/home/dani/.m2/repository/it/geosolutions/jaiext/nullop/jt-nullop/1.1.21/jt-nullop-1.1.21.jar:/home/dani/.m2/repository/it/geosolutions/jaiext/rescale/jt-rescale/1.1.21/jt-rescale-1.1.21.jar:/home/dani/.m2/repository/it/geosolutions/jaiext/scale/jt-scale/1.1.21/jt-scale-1.1.21.jar:/home/dani/.m2/repository/it/geosolutions/jaiext/scale2/jt-scale2/1.1.21/jt-scale2-1.1.21.jar:/home/dani/.m2/repository/org/huldra/math/bigint/0.7.1/bigint-0.7.1.jar:/home/dani/.m2/repository/it/geosolutions/jaiext/stats/jt-stats/1.1.21/jt-stats-1.1.21.jar:/home/dani/.m2/repository/it/geosolutions/jaiext/translate/jt-translate/1.1.21/jt-translate-1.1.21.jar:/home/dani/.m2/repository/it/geosolutions/jaiext/utilities/jt-utilities/1.1.21/jt-utilities-1.1.21.jar:/home/dani/.m2/repository/it/geosolutions/jaiext/warp/jt-warp/1.1.21/jt-warp-1.1.21.jar:/home/dani/.m2/repository/it/geosolutions/jaiext/zonal/jt-zonal/1.1.21/jt-zonal-1.1.21.jar:/home/dani/.m2/repository/it/geosolutions/jaiext/binarize/jt-binarize/1.1.21/jt-binarize-1.1.21.jar:/home/dani/.m2/repository/it/geosolutions/jaiext/format/jt-format/1.1.21/jt-format-1.1.21.jar:/home/dani/.m2/repository/it/geosolutions/jaiext/colorconvert/jt-colorconvert/1.1.21/jt-colorconvert-1.1.21.jar:/home/dani/.m2/repository/it/geosolutions/jaiext/errordiffusion/jt-errordiffusion/1.1.21/jt-errordiffusion-1.1.21.jar:/home/dani/.m2/repository/it/geosolutions/jaiext/orderdither/jt-orderdither/1.1.21/jt-orderdither-1.1.21.jar:/home/dani/.m2/repository/it/geosolutions/jaiext/colorindexer/jt-colorindexer/1.1.21/jt-colorindexer-1.1.21.jar:/home/dani/.m2/repository/it/geosolutions/jaiext/imagefunction/jt-imagefunction/1.1.21/jt-imagefunction-1.1.21.jar:/home/dani/.m2/repository/it/geosolutions/jaiext/piecewise/jt-piecewise/1.1.21/jt-piecewise-1.1.21.jar:/home/dani/.m2/repository/it/geosolutions/jaiext/classifier/jt-classifier/1.1.21/jt-classifier-1.1.21.jar:/home/dani/.m2/repository/it/geosolutions/jaiext/rlookup/jt-rlookup/1.1.21/jt-rlookup-1.1.21.jar:/home/dani/.m2/repository/it/geosolutions/jaiext/vectorbin/jt-vectorbin/1.1.21/jt-vectorbin-1.1.21.jar:/home/dani/.m2/repository/it/geosolutions/jaiext/shadedrelief/jt-shadedrelief/1.1.21/jt-shadedrelief-1.1.21.jar:/home/dani/.m2/repository/org/geotools/gt-jdbc/26.3/gt-jdbc-26.3.jar:/home/dani/.m2/repository/commons-dbcp/commons-dbcp/1.4/commons-dbcp-1.4.jar:/home/dani/.m2/repository/org/geotools/gt-wfs-ng/26.3/gt-wfs-ng-26.3.jar:/home/dani/.m2/repository/org/geotools/gt-complex/26.3/gt-complex-26.3.jar:/home/dani/.m2/repository/org/geotools/gt-app-schema-resolver/26.3/gt-app-schema-resolver-26.3.jar:/home/dani/.m2/repository/org/geotools/gt-xml/26.3/gt-xml-26.3.jar:/home/dani/.m2/repository/org/apache/xml/xml-commons-resolver/1.2/xml-commons-resolver-1.2.jar:/home/dani/.m2/repository/org/geotools/gt-gml-geometry-streaming/26.3/gt-gml-geometry-streaming-26.3.jar:/home/dani/.m2/repository/org/geotools/gt-http-commons/26.3/gt-http-commons-26.3.jar:/home/dani/.m2/repository/org/apache/httpcomponents/httpclient/4.5.13/httpclient-4.5.13.jar:/home/dani/.m2/repository/org/apache/httpcomponents/httpcore/4.4.13/httpcore-4.4.13.jar:/home/dani/.m2/repository/org/geotools/gt-metadata/26.3/gt-metadata-26.3.jar:/home/dani/.m2/repository/org/geotools/gt-property/26.3/gt-property-26.3.jar:/home/dani/.m2/repository/org/geotools/gt-epsg-hsql/26.3/gt-epsg-hsql-26.3.jar:/home/dani/.m2/repository/org/hsqldb/hsqldb/2.4.1/hsqldb-2.4.1.jar:/home/dani/.m2/repository/org/geotools/gt-wms/26.3/gt-wms-26.3.jar:/home/dani/.m2/repository/org/geotools/gt-wmts/26.3/gt-wmts-26.3.jar:/home/dani/.m2/repository/org/geotools/gt-tile-client/26.3/gt-tile-client-26.3.jar:/home/dani/.m2/repository/org/geotools/xsd/gt-xsd-wmts/26.3/gt-xsd-wmts-26.3.jar:/home/dani/.m2/repository/org/geotools/ogc/net.opengis.wmts/26.3/net.opengis.wmts-26.3.jar:/home/dani/.m2/repository/org/springframework/spring-aop/5.1.20.RELEASE/spring-aop-5.1.20.RELEASE.jar:/home/dani/.m2/repository/org/springframework/spring-jdbc/5.1.20.RELEASE/spring-jdbc-5.1.20.RELEASE.jar:/home/dani/.m2/repository/org/springframework/spring-tx/5.1.20.RELEASE/spring-tx-5.1.20.RELEASE.jar:/home/dani/.m2/repository/com/thoughtworks/xstream/xstream/1.4.11.1/xstream-1.4.11.1.jar:/home/dani/.m2/repository/xmlpull/xmlpull/1.1.3.1/xmlpull-1.1.3.1.jar:/home/dani/.m2/repository/xpp3/xpp3_min/1.1.4c/xpp3_min-1.1.4c.jar:/home/dani/.m2/repository/com/google/code/findbugs/jsr305/2.0.3/jsr305-2.0.3.jar:/home/dani/.m2/repository/it/geosolutions/jaiext/concurrent-tile-cache/jt-concurrent-tile-cache/1.1.21/jt-concurrent-tile-cache-1.1.21.jar:/home/dani/.m2/repository/javax/activation/activation/1.1/activation-1.1.jar:/home/dani/.m2/repository/com/github/oshi/oshi-core/5.8.6/oshi-core-5.8.6.jar:/home/dani/.m2/repository/net/java/dev/jna/jna/5.10.0/jna-5.10.0.jar:/home/dani/.m2/repository/net/java/dev/jna/jna-platform/5.10.0/jna-platform-5.10.0.jar:/home/dani/.m2/repository/org/slf4j/slf4j-api/1.7.32/slf4j-api-1.7.32.jar:/home/dani/.m2/repository/org/geotools/gt-imagemosaic/26.3/gt-imagemosaic-26.3.jar:/home/dani/.m2/repository/org/geotools/gt-transform/26.3/gt-transform-26.3.jar:/home/dani/.m2/repository/it/geosolutions/imageio-ext/imageio-ext-streams/1.3.10/imageio-ext-streams-1.3.10.jar:/home/dani/.m2/repository/it/geosolutions/imageio-ext/imageio-ext-geocore/1.3.10/imageio-ext-geocore-1.3.10.jar:/home/dani/.m2/repository/org/geotools/gt-image/26.3/gt-image-26.3.jar:/home/dani/.m2/repository/org/jaitools/jt-vectorbinarize/1.6.0/jt-vectorbinarize-1.6.0.jar:/home/dani/.m2/repository/javax/xml/bind/jaxb-api/2.4.0-b180830.0359/jaxb-api-2.4.0-b180830.0359.jar:/home/dani/.m2/repository/org/glassfish/jaxb/jaxb-runtime/2.4.0-b180830.0438/jaxb-runtime-2.4.0-b180830.0438.jar:/home/dani/.m2/repository/org/glassfish/jaxb/txw2/2.4.0-b180830.0438/txw2-2.4.0-b180830.0438.jar:/home/dani/.m2/repository/com/sun/istack/istack-commons-runtime/3.0.7/istack-commons-runtime-3.0.7.jar:/home/dani/.m2/repository/org/jvnet/staxex/stax-ex/1.8/stax-ex-1.8.jar:/home/dani/.m2/repository/com/sun/xml/fastinfoset/FastInfoset/1.2.15/FastInfoset-1.2.15.jar:/home/dani/.m2/repository/javax/activation/javax.activation-api/1.2.0/javax.activation-api-1.2.0.jar:/home/dani/.m2/repository/org/springframework/security/spring-security-core/5.1.13.RELEASE/spring-security-core-5.1.13.RELEASE.jar:/home/dani/.m2/repository/org/springframework/spring-expression/5.1.18.RELEASE/spring-expression-5.1.18.RELEASE.jar:/home/dani/.m2/repository/org/springframework/spring-core/5.1.20.RELEASE/spring-core-5.1.20.RELEASE.jar:/home/dani/.m2/repository/org/springframework/security/spring-security-web/5.1.13.RELEASE/spring-security-web-5.1.13.RELEASE.jar:/home/dani/.m2/repository/org/springframework/security/spring-security-config/5.1.13.RELEASE/spring-security-config-5.1.13.RELEASE.jar:/home/dani/.m2/repository/org/jasypt/jasypt/1.9.2/jasypt-1.9.2.jar:/home/dani/.m2/repository/org/jasypt/jasypt-springsecurity3/1.9.2/jasypt-springsecurity3-1.9.2.jar:/home/dani/.m2/repository/org/bouncycastle/bcprov-jdk15on/1.69/bcprov-jdk15on-1.69.jar:/home/dani/.m2/repository/org/apache/commons/commons-collections4/4.2/commons-collections4-4.2.jar:/home/dani/.m2/repository/org/codehaus/jettison/jettison/1.0.1/jettison-1.0.1.jar:/home/dani/.m2/repository/stax/stax-api/1.0.1/stax-api-1.0.1.jar:/home/dani/.m2/repository/org/junit/jupiter/junit-jupiter-engine/5.3.1/junit-jupiter-engine-5.3.1.jar:/home/dani/.m2/repository/org/apiguardian/apiguardian-api/1.0.0/apiguardian-api-1.0.0.jar:/home/dani/.m2/repository/org/junit/platform/junit-platform-engine/1.3.1/junit-platform-engine-1.3.1.jar:/home/dani/.m2/repository/org/junit/platform/junit-platform-commons/1.3.1/junit-platform-commons-1.3.1.jar:/home/dani/.m2/repository/org/opentest4j/opentest4j/1.1.1/opentest4j-1.1.1.jar:/home/dani/.m2/repository/org/junit/jupiter/junit-jupiter-api/5.3.1/junit-jupiter-api-5.3.1.jar:"/>
    <property name="sun.cpu.endian" value="little"/>
    <property name="user.home" value="/home/dani"/>
    <property name="user.language" value="en"/>
    <property name="java.specification.vendor" value="Oracle Corporation"/>
    <property name="java.version.date" value="2022-10-18"/>
    <property name="java.home" value="/usr/lib/jvm/java-11-openjdk-amd64"/>
    <property name="file.separator" value="/"/>
    <property name="basedir" value="/home/dani/Desktop/geoserver/geoserver-wps-network-course"/>
    <property name="java.vm.compressedOopsMode" value="Zero based"/>
    <property name="line.separator" value="&#10;"/>
    <property name="java.specification.name" value="Java Platform API Specification"/>
    <property name="java.vm.specification.vendor" value="Oracle Corporation"/>
    <property name="java.awt.graphicsenv" value="sun.awt.X11GraphicsEnvironment"/>
    <property name="surefire.real.class.path" value="/home/dani/Desktop/geoserver/geoserver-wps-network-course/target/surefire/surefirebooter12588745652002942216.jar"/>
    <property name="sun.management.compiler" value="HotSpot 64-Bit Tiered Compilers"/>
    <property name="java.runtime.version" value="11.0.17+8-post-Ubuntu-1ubuntu222.04"/>
    <property name="user.name" value="dani"/>
    <property name="path.separator" value=":"/>
    <property name="os.version" value="5.15.0-58-generic"/>
    <property name="java.runtime.name" value="OpenJDK Runtime Environment"/>
    <property name="file.encoding" value="UTF-8"/>
    <property name="java.vm.name" value="OpenJDK 64-Bit Server VM"/>
    <property name="localRepository" value="/home/dani/.m2/repository"/>
    <property name="java.vendor.url.bug" value="https://bugs.launchpad.net/ubuntu/+source/openjdk-lts"/>
    <property name="java.io.tmpdir" value="/tmp"/>
    <property name="java.version" value="11.0.17"/>
    <property name="user.dir" value="/home/dani/Desktop/geoserver/geoserver-wps-network-course"/>
    <property name="os.arch" value="amd64"/>
    <property name="java.vm.specification.name" value="Java Virtual Machine Specification"/>
    <property name="java.awt.printerjob" value="sun.print.PSPrinterJob"/>
    <property name="sun.os.patch.level" value="unknown"/>
    <property name="java.library.path" value="/usr/java/packages/lib:/usr/lib/x86_64-linux-gnu/jni:/lib/x86_64-linux-gnu:/usr/lib/x86_64-linux-gnu:/usr/lib/jni:/lib:/usr/lib"/>
    <property name="java.vm.info" value="mixed mode, sharing"/>
    <property name="java.vendor" value="Ubuntu"/>
    <property name="java.vm.version" value="11.0.17+8-post-Ubuntu-1ubuntu222.04"/>
    <property name="sun.io.unicode.encoding" value="UnicodeLittle"/>
    <property name="java.class.version" value="55.0"/>
  </properties>
  <testcase name="geoprocess" classname="org.geoserver.network_course.wps.NetworkCourseTest" time="2.289"/>
</testsuite>